============================= test session starts =============================
platform win32 -- Python 3.13.9, pytest-8.3.5, pluggy-1.6.0 -- C:\Users\masam\AppData\Local\Programs\Python\Python313\python.exe
cachedir: .pytest_cache
rootdir: C:\ProgramData\Generative AI\Github\PDF-RakuRaku-Seisan
plugins: anyio-4.11.0
collecting ... collected 412 items

tests/test_check_hold_release_gates_20260620.py::test_check_s44_without_ok_rows_stays_hold PASSED [  0%]
tests/test_check_hold_release_gates_20260620.py::test_check_s44_with_ok_rows_is_candidate_ready PASSED [  0%]
tests/test_check_hold_release_gates_20260620.py::test_check_s70_requires_business_approval_fields PASSED [  0%]
tests/test_check_hold_release_gates_20260620.py::test_check_s70_ready_is_preview_only PASSED [  0%]
tests/test_check_hold_release_gates_20260620.py::test_check_s71_requires_all_ready_rows PASSED [  1%]
tests/test_check_hold_release_gates_20260620.py::test_check_s12_13_requires_zero_exit_code_without_collected_evidence PASSED [  1%]
tests/test_check_hold_release_gates_20260620.py::test_check_s12_13_ready_uses_collected_scan_evidence_even_when_exit_input_is_stale PASSED [  1%]
tests/test_outlook_save_pdf_and_batch_print_extract_invoice_fields.py::TestExtractInvoiceFields::test_extract_invoice_fields_collapses_spaced_ocr_vendor_artifact PASSED [  1%]
tests/test_outlook_save_pdf_and_batch_print_extract_invoice_fields.py::TestExtractInvoiceFields::test_extract_invoice_fields_prefers_payment_decision_amount PASSED [  2%]
tests/test_run_safe_goal_checks_20260620.py::test_build_pre_completion_steps_excludes_completion_gate PASSED [  2%]
tests/test_run_safe_goal_checks_20260620.py::test_build_steps_generates_rks_matrix_after_runtime_validation PASSED [  2%]
tests/test_run_safe_goal_checks_20260620.py::test_build_steps_refreshes_diagnosis_before_queue_prefill PASSED [  2%]
tests/test_run_safe_goal_checks_20260620.py::test_build_steps_generates_unified_intake_before_bundle_sync PASSED [  3%]
tests/test_run_safe_goal_checks_20260620.py::test_build_steps_stages_candidate_evidence_before_bundle_sync PASSED [  3%]
tests/test_run_safe_goal_checks_20260620.py::test_build_steps_syncs_candidate_paths_before_packet_validation PASSED [  3%]
tests/test_run_safe_goal_checks_20260620.py::test_build_steps_collects_s44_business_review_before_bundle_sync PASSED [  3%]
tests/test_run_safe_goal_checks_20260620.py::test_build_steps_runs_s44_quick_bucket_simulation_after_candidate_build PASSED [  4%]
tests/test_run_safe_goal_checks_20260620.py::test_build_steps_collects_business_data_approval_before_bundle_sync PASSED [  4%]
tests/test_run_safe_goal_checks_20260620.py::test_build_steps_collects_rk10_runtime_before_bundle_sync PASSED [  4%]
tests/test_run_safe_goal_checks_20260620.py::test_build_steps_collects_s70_payment_approval_before_bundle_sync PASSED [  4%]
tests/test_run_safe_goal_checks_20260620.py::test_build_steps_collects_s71_paid_azure_before_bundle_sync PASSED [  5%]
tests/test_run_safe_goal_checks_20260620.py::test_build_steps_generates_completion_audit_before_traceability PASSED [  5%]
tests/test_run_safe_goal_checks_20260620.py::test_build_payload_counts_appended_completion_gate PASSED [  5%]
tests/test_run_safe_goal_checks_20260620.py::test_build_payload_fails_when_completion_gate_fails PASSED [  5%]
tests/test_run_safe_goal_checks_20260620.py::test_write_summary_updates_json_and_markdown_numbered_copies PASSED [  6%]
tests/test_run_safe_goal_checks_20260620.py::test_clean_previous_step_logs_removes_only_numbered_stdout_stderr PASSED [  6%]
tests/test_run_safe_goal_checks_ai_default_open_probe_20260622.py::test_build_steps_runs_open_probe_matrix_after_standard_matrix PASSED [  6%]
tests/test_run_safe_goal_checks_ai_default_open_probe_20260622.py::test_py_compile_and_pytest_include_open_probe_artifacts PASSED [  6%]
tests/test_run_safe_goal_checks_ai_default_open_probe_20260622.py::test_open_probe_step_writes_to_dedicated_report_dir PASSED [  7%]
tests/test_run_safe_goal_checks_ai_default_open_probe_20260622.py::test_completion_gate_uses_open_probe_aware_candidate PASSED [  7%]
tests/test_run_safe_goal_checks_ai_default_open_probe_20260622.py::test_customer_safe_matrix_runs_before_goal_ledger PASSED [  7%]
tests/test_generate_goal_status_snapshot_20260620.py::test_scenario_records_source_existence PASSED [  7%]
tests/test_generate_goal_status_snapshot_20260620.py::test_build_payload_counts_hold_unconfirmed_and_missing_sources PASSED [  8%]
tests/test_generate_goal_status_snapshot_20260620.py::test_build_markdown_includes_matrix_and_sources PASSED [  8%]
tests/test_build_s44_spot_check_handoff_candidates_20260620.py::test_analyze_without_ok_rows_stays_hold PASSED [  8%]
tests/test_build_s44_spot_check_handoff_candidates_20260620.py::test_build_review_aid_flags_amount_mismatch_without_approval PASSED [  8%]
tests/test_build_s44_spot_check_handoff_candidates_20260620.py::test_build_review_aid_marks_amount_match_as_quick_review PASSED [  8%]
tests/test_build_s44_spot_check_handoff_candidates_20260620.py::test_build_review_aid_marks_zero_amount_as_high_priority PASSED [  9%]
tests/test_build_s44_spot_check_handoff_candidates_20260620.py::test_parse_filename_amount_uses_amount_not_date_or_duplicate_suffix PASSED [  9%]
tests/test_build_s44_spot_check_handoff_candidates_20260620.py::test_decision_input_template_preserves_existing_operator_entry PASSED [  9%]
tests/test_build_s44_spot_check_handoff_candidates_20260620.py::test_decision_input_template_tolerates_locked_existing_file PASSED [  9%]
tests/test_build_s44_spot_check_handoff_candidates_20260620.py::test_analyze_applies_repo_local_decision_input_without_source_write PASSED [ 10%]
tests/test_build_s44_spot_check_handoff_candidates_20260620.py::test_analyze_rejects_invalid_decision_input_value PASSED [ 10%]
tests/test_build_s44_spot_check_handoff_candidates_20260620.py::test_analyze_rejects_row_ok_without_reviewer_fields PASSED [ 10%]
tests/test_build_s44_spot_check_handoff_candidates_20260620.py::test_analyze_rejects_row_ng_without_reject_reason PASSED [ 10%]
tests/test_build_s44_spot_check_handoff_candidates_20260620.py::test_analyze_ok_rows_builds_handoff_items PASSED [ 11%]
tests/test_build_s44_spot_check_handoff_candidates_20260620.py::test_write_reports_generates_shadow_handoff_for_ok_rows PASSED [ 11%]
tests/test_build_s44_spot_check_handoff_candidates_20260620.py::test_write_reports_creates_priority_review_csvs_without_deciding PASSED [ 11%]
tests/test_build_s44_spot_check_handoff_candidates_20260620.py::test_write_operator_next_steps_tolerates_locked_existing_file PASSED [ 11%]
tests/test_build_s44_spot_check_handoff_candidates_20260620.py::test_bucket_decision_template_groups_blank_review_buckets PASSED [ 12%]
tests/test_build_s44_spot_check_handoff_candidates_20260620.py::test_single_entry_input_syncs_bucket_ok_to_shadow_handoff PASSED [ 12%]
tests/test_build_s44_spot_check_handoff_candidates_20260620.py::test_write_reports_emits_single_entry_input_file PASSED [ 12%]
tests/test_build_s44_spot_check_handoff_candidates_20260620.py::test_analyze_applies_bucket_ok_only_for_quick_review_rows PASSED [ 12%]
tests/test_build_s44_spot_check_handoff_candidates_20260620.py::test_analyze_rejects_bucket_ok_for_amount_mismatch PASSED [ 13%]
tests/test_build_s44_spot_check_handoff_candidates_20260620.py::test_analyze_applies_bucket_ng_with_shared_reason PASSED [ 13%]
tests/test_analyze_s44_review_db_amount_evidence_20260622.py::test_parse_amount_accepts_yen_and_commas PASSED [ 13%]
tests/test_analyze_s44_review_db_amount_evidence_20260622.py::test_sum_amounts_json_totals_valid_amount_lines PASSED [ 13%]
tests/test_analyze_s44_review_db_amount_evidence_20260622.py::test_build_payload_keeps_business_review_required_and_counts_diff PASSED [ 14%]
tests/test_analyze_s44_review_db_amount_evidence_20260622.py::test_write_outputs_creates_csv_json_markdown_numbered PASSED [ 14%]
tests/test_run_s44_sample_ok_shadow_20260620.py::test_build_sample_csv_marks_limited_rows_ok PASSED [ 14%]
tests/test_run_s44_sample_ok_shadow_20260620.py::test_build_sample_csv_skips_missing_pdf PASSED [ 14%]
tests/test_run_s44_sample_ok_shadow_20260620.py::test_build_markdown_states_sample_is_not_approval PASSED [ 15%]
tests/test_run_s44_quick_bucket_ok_simulation_20260621.py::test_build_result_runs_quick_bucket_simulation_without_source_write PASSED [ 15%]
tests/test_run_s70_sample_confirm_preview_20260620.py::test_build_sample_inventory_selects_two_bulk_transfer_records PASSED [ 15%]
tests/test_run_s70_sample_confirm_preview_20260620.py::test_run_sample_confirm_preview_writes_safe_report PASSED [ 15%]
tests/test_run_s70_sample_confirm_preview_20260620.py::test_build_markdown_states_payment_is_not_executed PASSED [ 16%]
tests/test_validate_s71_sample_mock_ocr_apply_20260620.py::test_validate_s71_accepts_real_pdf_mock_ocr_apply_evidence PASSED [ 16%]
tests/test_validate_s71_sample_mock_ocr_apply_20260620.py::test_validate_s71_holds_when_mock_ocr_missing PASSED [ 16%]
tests/test_validate_s71_sample_mock_ocr_apply_20260620.py::test_build_markdown_states_paid_ocr_is_not_executed PASSED [ 16%]
tests/test_collect_s71_paid_azure_ocr_evidence_20260620.py::test_build_result_waits_when_paid_gate_and_smoke_are_missing PASSED [ 16%]
tests/test_collect_s71_paid_azure_ocr_evidence_20260620.py::test_write_paid_smoke_template_does_not_unlock_or_print_secrets PASSED [ 17%]
tests/test_collect_s71_paid_azure_ocr_evidence_20260620.py::test_environment_presence_reports_only_presence_without_values PASSED [ 17%]
tests/test_collect_s71_paid_azure_ocr_evidence_20260620.py::test_build_result_collects_ready_paid_azure_evidence PASSED [ 17%]
tests/test_collect_s71_paid_azure_ocr_evidence_20260620.py::test_build_result_blocks_secret_printing_and_multiple_pdf_submission PASSED [ 17%]
tests/test_generate_rks_gate_matrix_20260620.py::test_row_records_source_existence PASSED [ 18%]
tests/test_generate_rks_gate_matrix_20260620.py::test_build_payload_counts_rows_and_missing_sources PASSED [ 18%]
tests/test_generate_rks_gate_matrix_20260620.py::test_build_payload_uses_runtime_intake_to_resolve_rks_rows PASSED [ 18%]
tests/test_generate_rks_gate_matrix_20260620.py::test_build_payload_marks_deferred_runtime_rows_without_resolving PASSED [ 18%]
tests/test_generate_rks_gate_matrix_20260620.py::test_outlook_12_13_row_uses_safe_evidence_when_collected PASSED [ 19%]
tests/test_generate_rks_gate_matrix_20260620.py::test_s57_s58_rows_record_existing_logs_as_non_promotable PASSED [ 19%]
tests/test_generate_rks_gate_matrix_20260620.py::test_build_markdown_includes_matrix_and_blocked_operations PASSED [ 19%]
tests/test_generate_rks_static_guard_audit_20260620.py::test_inspect_candidate_records_static_guard_and_unconfirmed_gate PASSED [ 19%]
tests/test_generate_rks_static_guard_audit_20260620.py::test_inspect_candidate_flags_risky_tiny_metadata PASSED [ 20%]
tests/test_generate_rks_static_guard_audit_20260620.py::test_parse_existing_status_gate_reads_numbered_report PASSED [ 20%]
tests/test_generate_rks_static_guard_audit_20260620.py::test_parse_existing_status_gate_does_not_treat_scenario_id_as_status PASSED [ 20%]
tests/test_generate_rks_static_guard_audit_20260620.py::test_build_markdown_includes_warning_and_paths PASSED [ 20%]
tests/test_generate_rks_debugger_artifact_reconcile_20260620.py::test_build_payload_matches_debugger_program_and_build_artifacts PASSED [ 21%]
tests/test_generate_rks_debugger_artifact_reconcile_20260620.py::test_write_outputs_creates_json_csv_markdown_numbered PASSED [ 21%]
tests/test_run_rks_editor_open_build_probe_20260620.py::test_read_focus_targets_filters_scenario PASSED [ 21%]
tests/test_run_rks_editor_open_build_probe_20260620.py::test_plan_only_payload_never_executes_gui PASSED [ 21%]
tests/test_run_rks_editor_open_build_probe_20260620.py::test_write_outputs_creates_numbered_markdown PASSED [ 22%]
tests/test_run_rks_editor_open_build_probe_safe_exe_20260622.py::test_safe_file_token_replaces_path_separators PASSED [ 22%]
tests/test_run_rks_editor_open_build_probe_safe_exe_20260622.py::test_write_top_window_details_uses_safe_scenario_token PASSED [ 22%]
tests/test_rk10_license_default_ok_policy_20260622.py::test_rks_editor_probes_leave_ai_development_default_and_press_ok_only PASSED [ 22%]
tests/test_generate_rks_runtime_operator_pack_20260620.py::test_build_payload_counts_rks_evidence_rows PASSED [ 23%]
tests/test_generate_rks_runtime_operator_pack_20260620.py::test_write_outputs_creates_operator_intake_csvs PASSED [ 23%]
tests/test_generate_rks_runtime_operator_pack_20260620.py::test_write_outputs_preserves_existing_operator_input PASSED [ 23%]
tests/test_generate_rks_runtime_operator_pack_20260620.py::test_write_outputs_creates_focus_csv_for_unfilled_required_rows PASSED [ 23%]
tests/test_generate_rks_runtime_operator_pack_20260620.py::test_markdown_separates_static_candidate_from_runtime_ok PASSED [ 24%]
tests/test_generate_rks_runtime_operator_pack_20260620.py::test_build_row_defers_existing_ng_status_gate_even_when_static_guard_ok PASSED [ 24%]
tests/test_sync_rks_runtime_evidence_from_status_gates_20260620.py::test_build_payload_imports_only_complete_status_gate_into_blank_intakes PASSED [ 24%]
tests/test_sync_rks_runtime_evidence_from_status_gates_20260620.py::test_build_payload_does_not_overwrite_manual_operator_input PASSED [ 24%]
tests/test_sync_rks_runtime_evidence_from_status_gates_20260620.py::test_build_payload_rejects_status_gate_without_clean_latest_log PASSED [ 25%]
tests/test_sync_rks_runtime_evidence_from_status_gates_20260620.py::test_build_payload_imports_partial_open_build_without_approving_runtime PASSED [ 25%]
tests/test_sync_rks_runtime_evidence_from_status_gates_20260620.py::test_build_markdown_documents_safe_stop_scope PASSED [ 25%]
tests/test_validate_rks_runtime_operator_intake_20260620.py::test_build_payload_blocks_empty_required_intake PASSED [ 25%]
tests/test_validate_rks_runtime_operator_intake_20260620.py::test_build_payload_approves_complete_runtime_evidence PASSED [ 25%]
tests/test_validate_rks_runtime_operator_intake_20260620.py::test_build_payload_blocks_hard_error_marker_in_latest_log PASSED [ 26%]
tests/test_generate_rks_gate_matrix_open_probe_20260622.py::test_load_editor_open_probe_rows_keeps_safe_open_only PASSED [ 26%]
tests/test_generate_rks_gate_matrix_open_probe_20260622.py::test_build_payload_marks_editor_open_without_resolving_runtime PASSED [ 26%]
tests/test_generate_rks_gate_matrix_open_probe_20260622.py::test_markdown_lists_editor_open_probe_scope PASSED [ 26%]
tests/test_generate_sample_data_evidence_map_20260620.py::test_build_rows_aggregates_51_and_52_artifacts PASSED [ 27%]
tests/test_generate_sample_data_evidence_map_20260620.py::test_build_rows_marks_missing_artifact_as_review PASSED [ 27%]
tests/test_generate_sample_data_evidence_map_20260620.py::test_build_payload_keeps_12_13_as_separate_hold PASSED [ 27%]
tests/test_generate_sample_data_evidence_map_20260620.py::test_build_payload_uses_outlook_collect_as_12_13_sample_ready PASSED [ 27%]
tests/test_generate_sample_data_evidence_map_20260620.py::test_build_markdown_includes_production_scope_warning PASSED [ 28%]
tests/test_generate_safe_execution_evidence_map_20260620.py::test_build_rows_aggregates_51_and_52_as_one_scenario PASSED [ 28%]
tests/test_generate_safe_execution_evidence_map_20260620.py::test_build_rows_marks_stderr_output_as_needs_review PASSED [ 28%]
tests/test_generate_safe_execution_evidence_map_20260620.py::test_build_payload_keeps_12_13_separate_from_safe_suite PASSED [ 28%]
tests/test_generate_safe_execution_evidence_map_20260620.py::test_build_payload_uses_outlook_collect_as_12_13_safe_ready PASSED [ 29%]
tests/test_generate_safe_execution_evidence_map_20260620.py::test_build_markdown_includes_safe_scope_warning PASSED [ 29%]
tests/test_generate_business_cost_evidence_map_20260620.py::test_parse_s55_stdout_extracts_transfer_count_and_amount PASSED [ 29%]
tests/test_generate_business_cost_evidence_map_20260620.py::test_build_s44_row_recalculates_shadow_handoff_amount PASSED [ 29%]
tests/test_generate_business_cost_evidence_map_20260620.py::test_build_s70_row_recalculates_selected_candidate_amount PASSED [ 30%]
tests/test_generate_business_cost_evidence_map_20260620.py::test_build_s12_13_row_reads_latest_scan_only_count_summary PASSED [ 30%]
tests/test_generate_business_cost_evidence_map_20260620.py::test_parse_s47_stdout_extracts_flag_count_without_amount PASSED [ 30%]
tests/test_generate_business_cost_evidence_map_20260620.py::test_parse_s47_stdout_flags_count_mismatch PASSED [ 30%]
tests/test_generate_business_cost_evidence_map_20260620.py::test_build_s37_row_reports_zero_target_sample_count PASSED [ 31%]
tests/test_generate_business_cost_evidence_map_20260620.py::test_build_s38_row_reports_one_case_without_production_register PASSED [ 31%]
tests/test_generate_business_cost_evidence_map_20260620.py::test_build_s42_row_reports_drive_report_rows_without_mainsv_write PASSED [ 31%]
tests/test_generate_business_cost_evidence_map_20260620.py::test_build_s43_row_reports_temporary_save_amount_without_final_click PASSED [ 31%]
tests/test_generate_business_cost_evidence_map_20260620.py::test_build_s51_52_row_reports_draft_save_amount_without_final_submit PASSED [ 32%]
tests/test_generate_business_cost_evidence_map_20260620.py::test_build_s51_52_row_reports_excel_only_safe_stop_candidate_amounts PASSED [ 32%]
tests/test_generate_business_cost_evidence_map_20260620.py::test_build_s51_52_row_reports_manual_submission_amount_without_rakuraku PASSED [ 32%]
tests/test_generate_business_cost_evidence_map_20260620.py::test_build_s51_52_row_rejects_missing_no_mail_marker PASSED [ 32%]
tests/test_generate_business_cost_evidence_map_20260620.py::test_build_s56_row_reports_local_copy_write_count PASSED [ 33%]
tests/test_generate_business_cost_evidence_map_20260620.py::test_build_s57_row_reports_dryrun_output_plan_without_final_copy PASSED [ 33%]
tests/test_generate_business_cost_evidence_map_20260620.py::test_build_s71_row_recalculates_amount_and_withholding PASSED [ 33%]
tests/test_generate_business_cost_evidence_map_20260620.py::test_build_s63_row_recalculates_local_dryrun_payment_items PASSED [ 33%]
tests/test_generate_business_cost_evidence_map_20260620.py::test_build_s58_row_recalculates_latest_test_suite_report PASSED [ 33%]
tests/test_generate_business_cost_evidence_map_20260620.py::test_build_markdown_warns_scope_not_production PASSED [ 34%]
tests/test_generate_goal_unblock_board_20260620.py::test_find_rks_status_matches_grouped_scenario PASSED [ 34%]
tests/test_generate_goal_unblock_board_20260620.py::test_no_rks_matrix_row_does_not_force_rk10_bundle PASSED [ 34%]
tests/test_generate_goal_unblock_board_20260620.py::test_classify_outlook_ready_status_as_final_field_input PASSED [ 34%]
tests/test_generate_goal_unblock_board_20260620.py::test_classify_resolution_lane_separates_final_intake_from_gui PASSED [ 35%]
tests/test_generate_goal_unblock_board_20260620.py::test_build_payload_groups_approval_bundles PASSED [ 35%]
tests/test_generate_goal_unblock_board_20260620.py::test_build_payload_marks_sync_ready_outlook_bundle_not_approval_required PASSED [ 35%]
tests/test_generate_goal_unblock_board_20260620.py::test_build_payload_keeps_outlook_bundle_active_when_sync_not_ready PASSED [ 35%]
tests/test_generate_goal_unblock_board_20260620.py::test_load_completed_bundles_uses_intake_only_when_sync_is_missing PASSED [ 36%]
tests/test_generate_goal_unblock_board_20260620.py::test_load_completed_bundles_rejects_legacy_outlook_auto_collector_intake PASSED [ 36%]
tests/test_generate_goal_unblock_board_20260620.py::test_build_markdown_includes_bundle_and_scenario_board PASSED [ 36%]
tests/test_generate_goal_execution_packet_20260620.py::test_build_packets_creates_one_csv_per_bundle PASSED [ 36%]
tests/test_generate_goal_execution_packet_20260620.py::test_write_packet_csvs_outputs_operator_fields PASSED [ 37%]
tests/test_generate_goal_execution_packet_20260620.py::test_supporting_input_paths_include_s71_environment_presence PASSED [ 37%]
tests/test_generate_goal_execution_packet_20260620.py::test_build_current_evidence_map_prefers_supplemental_evidence PASSED [ 37%]
tests/test_generate_goal_execution_packet_20260620.py::test_write_packet_csvs_preserves_existing_operator_fields PASSED [ 37%]
tests/test_generate_goal_execution_packet_20260620.py::test_write_packet_csvs_preserves_cleanup_fields PASSED [ 38%]
tests/test_generate_goal_execution_packet_20260620.py::test_build_markdown_lists_packet_csvs PASSED [ 38%]
tests/test_generate_bundle_evidence_packs_20260620.py::test_build_payload_creates_bundle_pack_metadata PASSED [ 38%]
tests/test_generate_bundle_evidence_packs_20260620.py::test_write_outputs_creates_manifest_and_checklist PASSED [ 38%]
tests/test_generate_bundle_evidence_packs_20260620.py::test_rk10_bundle_checklist_includes_focused_runtime_csv PASSED [ 39%]
tests/test_generate_bundle_evidence_packs_20260620.py::test_filename_template_includes_outlook_and_rk10_names PASSED [ 39%]
tests/test_generate_bundle_evidence_packs_20260620.py::test_write_outputs_preserves_existing_final_evidence_intake_fields PASSED [ 39%]
tests/test_generate_bundle_evidence_packs_20260620.py::test_summary_markdown_states_boundary PASSED [ 39%]
tests/test_collect_rk10_runtime_bundle_evidence_20260620.py::test_build_result_collects_approved_rk10_runtime_evidence PASSED [ 40%]
tests/test_collect_rk10_runtime_bundle_evidence_20260620.py::test_build_result_appends_approved_row_missing_bundle_intake_row PASSED [ 40%]
tests/test_collect_rk10_runtime_bundle_evidence_20260620.py::test_build_result_keeps_existing_manual_reviewer_fields PASSED [ 40%]
tests/test_collect_business_data_approval_evidence_20260620.py::test_build_result_waits_when_approval_csv_is_missing PASSED [ 40%]
tests/test_collect_business_data_approval_evidence_20260620.py::test_ensure_approval_csv_template_prefills_known_costs_without_approval PASSED [ 41%]
tests/test_collect_business_data_approval_evidence_20260620.py::test_ensure_approval_csv_template_uses_approved_rks_log_without_approving PASSED [ 41%]
tests/test_collect_business_data_approval_evidence_20260620.py::test_prefill_existing_approval_csv_adds_safe_log_without_overwriting_human_fields PASSED [ 41%]
tests/test_collect_business_data_approval_evidence_20260620.py::test_build_result_collects_ready_business_data_row PASSED [ 41%]
tests/test_collect_business_data_approval_evidence_20260620.py::test_build_result_blocks_unsafe_production_write_flag PASSED [ 41%]
tests/test_collect_s44_business_review_evidence_20260620.py::test_build_result_waits_when_business_review_has_no_ok_rows PASSED [ 42%]
tests/test_collect_s44_business_review_evidence_20260620.py::test_build_result_collects_ready_business_review_evidence PASSED [ 42%]
tests/test_collect_s44_business_review_evidence_20260620.py::test_update_intake_preserves_existing_reviewer_fields PASSED [ 42%]
tests/test_collect_s70_payment_approval_evidence_20260620.py::test_build_result_waits_when_payment_approval_fields_are_todo PASSED [ 42%]
tests/test_collect_s70_payment_approval_evidence_20260620.py::test_write_gate_checklist_prefill_suggests_sample_values_without_unlocking PASSED [ 43%]
tests/test_collect_s70_payment_approval_evidence_20260620.py::test_build_result_blocks_when_gate_date_differs_from_sample_preview PASSED [ 43%]
tests/test_collect_s70_payment_approval_evidence_20260620.py::test_build_result_collects_ready_payment_approval_evidence PASSED [ 43%]
tests/test_collect_s70_payment_approval_evidence_20260620.py::test_build_result_blocks_when_confirmation_ok_was_pressed PASSED [ 43%]
tests/test_collect_outlook_bundle_evidence_20260620.py::test_build_payload_does_not_update_when_scan_skipped PASSED [ 44%]
tests/test_collect_outlook_bundle_evidence_20260620.py::test_build_payload_updates_intake_when_both_steps_exit_zero PASSED [ 44%]
tests/test_collect_outlook_bundle_evidence_20260620.py::test_build_payload_clears_legacy_auto_approval_fields PASSED [ 44%]
tests/test_collect_outlook_bundle_evidence_20260620.py::test_build_payload_blocks_forbidden_keywords_in_success_log PASSED [ 44%]
tests/test_generate_bundle_operator_sheet_20260620.py::test_build_payload_creates_one_row_per_bundle PASSED [ 45%]
tests/test_generate_bundle_operator_sheet_20260620.py::test_build_rows_preserves_existing_operator_fields PASSED [ 45%]
tests/test_generate_bundle_operator_sheet_20260620.py::test_count_complete_bundle_rows_does_not_require_cleanup_when_temporary_save_created PASSED [ 45%]
tests/test_generate_bundle_operator_sheet_20260620.py::test_write_csv_outputs_bundle_sheet PASSED [ 45%]
tests/test_generate_bundle_operator_sheet_20260620.py::test_build_markdown_explains_six_row_input PASSED [ 46%]
tests/test_sync_unified_final_evidence_intake_20260621.py::test_unified_input_syncs_nonblank_operator_fields PASSED [ 46%]
tests/test_sync_unified_final_evidence_intake_20260621.py::test_merge_notes_deduplicates_existing_and_incoming_parts PASSED [ 46%]
tests/test_sync_unified_final_evidence_intake_20260621.py::test_unified_input_sync_deduplicates_note_parts_without_growth PASSED [ 46%]
tests/test_sync_unified_final_evidence_intake_20260621.py::test_unified_input_blank_cells_do_not_clear_existing_intake_values PASSED [ 47%]
tests/test_sync_unified_final_evidence_intake_20260621.py::test_unified_input_clears_legacy_outlook_auto_approval PASSED [ 47%]
tests/test_sync_unified_final_evidence_intake_20260621.py::test_unified_input_does_not_overwrite_nonblank_source_with_stale_existing_csv PASSED [ 47%]
tests/test_sync_unified_final_evidence_intake_20260621.py::test_write_outputs_creates_unified_csv_report_and_numbered_copies PASSED [ 47%]
tests/test_stage_final_evidence_candidates_20260621.py::test_stage_candidates_copies_reference_and_prefills_paths_only PASSED [ 48%]
tests/test_stage_final_evidence_candidates_20260621.py::test_stage_candidates_does_not_override_existing_operator_sheet_evidence_path PASSED [ 48%]
tests/test_stage_final_evidence_candidates_20260621.py::test_stage_candidates_is_idempotent_for_same_source PASSED [ 48%]
tests/test_stage_final_evidence_candidates_20260621.py::test_stage_candidates_leaves_rk10_operator_bundle_path_blank PASSED [ 48%]
tests/test_stage_final_evidence_candidates_20260621.py::test_stage_candidates_clears_prior_autofilled_rk10_operator_bundle_path PASSED [ 49%]
tests/test_sync_execution_packet_candidate_evidence_paths_20260621.py::test_sync_prefills_blank_packet_evidence_path_only PASSED [ 49%]
tests/test_sync_execution_packet_candidate_evidence_paths_20260621.py::test_sync_does_not_override_existing_packet_evidence_path PASSED [ 49%]
tests/test_sync_execution_packet_candidate_evidence_paths_20260621.py::test_sync_reports_missing_packet_csv_without_creating_approval PASSED [ 49%]
tests/test_sync_execution_packet_operator_fields_20260623.py::test_sync_copies_complete_operator_stamp_into_blank_packet_fields PASSED [ 50%]
tests/test_sync_execution_packet_operator_fields_20260623.py::test_sync_does_not_copy_partial_operator_stamp PASSED [ 50%]
tests/test_sync_bundle_evidence_intake_20260620.py::test_build_bundle_sync_approves_when_intake_evidence_is_inside_final_dir PASSED [ 50%]
tests/test_sync_bundle_evidence_intake_20260620.py::test_build_bundle_sync_blocks_filename_template_mismatch PASSED [ 50%]
tests/test_sync_bundle_evidence_intake_20260620.py::test_build_bundle_sync_blocks_missing_evidence_file PASSED [ 50%]
tests/test_sync_bundle_evidence_intake_20260620.py::test_build_bundle_sync_allows_supplemental_intake_rows_when_ready PASSED [ 51%]
tests/test_sync_bundle_evidence_intake_20260620.py::test_build_bundle_sync_does_not_require_cleanup_evidence_when_temp_save_created PASSED [ 51%]
tests/test_sync_bundle_evidence_intake_20260620.py::test_sync_operator_sheet_updates_ready_bundle_and_clears_stale_blocked_bundle PASSED [ 51%]
tests/test_sync_bundle_evidence_scope_exclusion_20260623.py::test_scope_exclusion_filters_scenario_before_bundle_sync PASSED [ 51%]
tests/test_sync_bundle_evidence_intake_large_csv_20260622.py::test_read_csv_rows_accepts_large_evidence_notes PASSED [ 52%]
tests/test_csv_field_size_limit_evidence_tools_20260622.py::test_evidence_csv_tools_raise_csv_field_size_limit PASSED [ 52%]
tests/test_validate_bundle_evidence_packs_20260620.py::test_build_payload_validates_prepared_pack_and_final_evidence PASSED [ 52%]
tests/test_validate_bundle_evidence_packs_20260620.py::test_build_payload_uses_intake_sync_path_without_approving_operator_fields PASSED [ 52%]
tests/test_validate_bundle_evidence_packs_20260620.py::test_build_payload_detects_missing_checklist_numbered_copy PASSED [ 53%]
tests/test_validate_bundle_evidence_packs_20260620.py::test_build_payload_rejects_empty_final_evidence_folder PASSED [ 53%]
tests/test_validate_bundle_evidence_packs_20260620.py::test_build_payload_rejects_final_evidence_with_only_empty_scenario_subfolder PASSED [ 53%]
tests/test_validate_bundle_evidence_packs_20260620.py::test_build_payload_rejects_prepared_pack_root_as_final_evidence PASSED [ 53%]
tests/test_validate_bundle_evidence_packs_20260620.py::test_build_payload_rejects_final_evidence_filename_mismatch PASSED [ 54%]
tests/test_validate_bundle_evidence_packs_20260620.py::test_build_payload_detects_missing_filename_template PASSED [ 54%]
tests/test_validate_bundle_evidence_packs_20260620.py::test_build_markdown_states_not_production_approval PASSED [ 54%]
tests/test_backup_goal_code_artifacts_20260620.py::test_build_payload_copies_runner_artifacts PASSED [ 54%]
tests/test_backup_goal_code_artifacts_20260620.py::test_build_payload_reports_missing_artifacts PASSED [ 55%]
tests/test_backup_goal_code_artifacts_20260620.py::test_write_outputs_creates_manifest_and_numbered_markdown PASSED [ 55%]
tests/test_generate_external_approval_runbook_20260620.py::test_build_payload_marks_outlook_as_next_single_approval PASSED [ 55%]
tests/test_generate_external_approval_runbook_20260620.py::test_build_payload_marks_business_review_next_when_outlook_dryrun_ok PASSED [ 55%]
tests/test_generate_external_approval_runbook_20260620.py::test_build_outlook_script_has_no_irreversible_flags PASSED [ 56%]
tests/test_generate_external_approval_runbook_20260620.py::test_write_outputs_creates_runbook_files PASSED [ 56%]
tests/test_generate_external_approval_runbook_20260620.py::test_build_outlook_recovery_checklist_keeps_hard_stops PASSED [ 56%]
tests/test_generate_external_approval_runbook_20260620.py::test_build_rk10_recovery_checklist_keeps_hard_stops PASSED [ 56%]
tests/test_generate_external_approval_runbook_20260620.py::test_build_last_outlook_result_classifies_com_failure PASSED [ 57%]
tests/test_generate_external_approval_runbook_20260620.py::test_build_last_outlook_result_reads_utf16_powershell_logs PASSED [ 57%]
tests/test_generate_next_approval_queue_20260620.py::test_build_rows_sorts_external_approval_priority_first PASSED [ 57%]
tests/test_generate_next_approval_queue_20260620.py::test_build_payload_uses_unblock_board_source PASSED [ 57%]
tests/test_generate_next_approval_queue_20260620.py::test_build_rows_excludes_completed_bundles PASSED [ 58%]
tests/test_generate_next_approval_queue_20260620.py::test_load_completed_bundles_uses_bundle_sync_ready_to_sync PASSED [ 58%]
tests/test_generate_next_approval_queue_20260620.py::test_outlook_ready_status_keeps_outlook_active_but_not_next PASSED [ 58%]
tests/test_generate_next_approval_queue_20260620.py::test_outlook_com_evidence_updates_operator_action PASSED [ 58%]
tests/test_generate_next_approval_queue_20260620.py::test_build_rks_runtime_focus_rows_keeps_only_required_unapproved_rows PASSED [ 58%]
tests/test_generate_next_approval_queue_20260620.py::test_rk10_cold_evidence_updates_runtime_actions PASSED [ 59%]
tests/test_generate_next_approval_queue_20260620.py::test_build_markdown_keeps_safety_boundaries PASSED [ 59%]
tests/test_diagnose_outlook_com_environment_20260620.py::test_extract_executable_path_handles_quoted_command PASSED [ 59%]
tests/test_diagnose_outlook_com_environment_20260620.py::test_classify_environment_requires_classic_outlook_when_not_running PASSED [ 59%]
tests/test_diagnose_outlook_com_environment_20260620.py::test_classify_environment_blocks_missing_pywin32 PASSED [ 60%]
tests/test_diagnose_outlook_com_environment_20260620.py::test_classify_environment_identifies_running_outlook_rejection PASSED [ 60%]
tests/test_diagnose_outlook_com_environment_20260620.py::test_summarize_process_detail_reports_pid_session_and_path PASSED [ 60%]
tests/test_generate_operator_evidence_prefill_20260620.py::test_build_rows_creates_non_approving_prefill PASSED [ 60%]
tests/test_generate_operator_evidence_prefill_20260620.py::test_supporting_input_paths_include_s44_priority_csvs PASSED [ 61%]
tests/test_generate_operator_evidence_prefill_20260620.py::test_supporting_input_paths_include_s71_environment_presence PASSED [ 61%]
tests/test_generate_operator_evidence_prefill_20260620.py::test_build_payload_counts_no_auto_approval PASSED [ 61%]
tests/test_generate_operator_evidence_prefill_20260620.py::test_build_field_action_summary_points_to_folder_and_intake PASSED [ 61%]
tests/test_generate_operator_evidence_prefill_20260620.py::test_build_markdown_warns_not_approval PASSED [ 62%]
tests/test_generate_remaining_approval_next_steps_20260621.py::test_build_payload_orders_active_bundles_and_excludes_outlook_without_sync_status PASSED [ 62%]
tests/test_generate_remaining_approval_next_steps_20260621.py::test_build_rows_keeps_outlook_active_when_bundle_sync_not_ready PASSED [ 62%]
tests/test_generate_remaining_approval_next_steps_20260621.py::test_build_rows_excludes_outlook_when_bundle_sync_ready PASSED [ 62%]
tests/test_generate_remaining_approval_next_steps_20260621.py::test_write_outputs_creates_markdown_json_csv_and_numbered PASSED [ 63%]
tests/test_validate_goal_execution_packet_scope_exclusions_20260623.py::test_scope_exclusion_filters_scenario_43_from_active_packet_counts PASSED [ 63%]
tests/test_generate_final_evidence_fill_queue_20260621.py::test_build_payload_combines_attention_rows_with_start_here_paths PASSED [ 63%]
tests/test_generate_final_evidence_fill_queue_20260621.py::test_build_payload_uses_intake_sync_evidence_when_operator_fields_are_missing PASSED [ 63%]
tests/test_generate_final_evidence_fill_queue_20260621.py::test_build_payload_adds_rk10_collected_and_remaining_runtime_summary PASSED [ 64%]
tests/test_generate_final_evidence_fill_queue_20260621.py::test_write_outputs_creates_json_csv_markdown_and_numbered PASSED [ 64%]
tests/test_final_evidence_fill_queue_rks_complete_guard_20260623.py::test_hides_stale_gate_pending_when_rks_runtime_intake_is_complete PASSED [ 64%]
tests/test_final_evidence_fill_queue_open_probe_20260622.py::test_rk10_gate_matrix_remaining_includes_open_probe_status PASSED [ 64%]
tests/test_final_evidence_fill_queue_open_probe_20260622.py::test_default_rks_matrix_uses_open_probe_report PASSED [ 65%]
tests/test_generate_next_bundle_minimum_input_packet_20260622.py::test_build_payload_selects_active_bundle_without_prefilling_approval PASSED [ 65%]
tests/test_generate_next_bundle_minimum_input_packet_20260622.py::test_write_outputs_creates_minimum_csv_and_numbered_report PASSED [ 65%]
tests/test_generate_next_bundle_minimum_input_packet_20260622.py::test_build_all_active_payloads_keeps_operator_fields_blank PASSED [ 65%]
tests/test_generate_next_bundle_minimum_input_packet_20260622.py::test_write_all_active_index_creates_canonical_packet_index PASSED [ 66%]
tests/test_generate_remaining_operator_input_packet_20260623.py::test_build_payload_keeps_only_unapproved_rows_and_blank_operator_fields PASSED [ 66%]
tests/test_generate_remaining_operator_input_packet_20260623.py::test_build_payload_adds_digest_fields_when_available PASSED [ 66%]
tests/test_generate_remaining_operator_input_packet_20260623.py::test_build_payload_excludes_scope_excluded_rows PASSED [ 66%]
tests/test_generate_remaining_operator_input_packet_20260623.py::test_build_payload_preserves_existing_operator_fields PASSED [ 66%]
tests/test_generate_remaining_operator_input_packet_20260623.py::test_write_outputs_creates_csv_json_markdown_and_numbered PASSED [ 67%]
tests/test_validate_remaining_operator_input_ready_20260623.py::test_incomplete_operator_fields_are_not_ready PASSED [ 67%]
tests/test_validate_remaining_operator_input_ready_20260623.py::test_complete_approved_operator_fields_are_ready PASSED [ 67%]
tests/test_validate_remaining_operator_input_ready_20260623.py::test_hold_is_not_final_approved_result PASSED [ 67%]
tests/test_validate_remaining_operator_input_ready_20260623.py::test_scope_exclusion_removes_scenario_from_active_counts PASSED [ 68%]
tests/test_validate_remaining_operator_input_ready_20260623.py::test_empty_existing_remaining_csv_means_no_remaining_rows PASSED [ 68%]
tests/test_validate_remaining_operator_input_ready_20260623.py::test_write_outputs_creates_json_markdown_and_numbered PASSED [ 68%]
tests/test_generate_remaining_operator_final_review_pack_20260623.py::test_build_payload_uses_active_validation_rows_only PASSED [ 68%]
tests/test_generate_remaining_operator_final_review_pack_20260623.py::test_write_outputs_creates_review_artifacts PASSED [ 69%]
tests/test_generate_minimum_operator_review_input_20260623.py::test_build_payload_uses_current_remaining_input_and_preserves_human_fields PASSED [ 69%]
tests/test_generate_minimum_operator_review_input_20260623.py::test_write_outputs_creates_minimum_review_artifacts PASSED [ 69%]
tests/test_auto_fill_minimum_operator_review_input_20260623.py::test_auto_fill_writes_ok_when_safe_summary_passes PASSED [ 69%]
tests/test_auto_fill_minimum_operator_review_input_20260623.py::test_auto_fill_accepts_empty_existing_csv_as_already_complete PASSED [ 70%]
tests/test_auto_fill_minimum_operator_review_input_20260623.py::test_auto_fill_blocks_when_safe_summary_fails PASSED [ 70%]
tests/test_auto_fill_minimum_operator_review_input_20260623.py::test_auto_fill_blocks_partial_operator_fields PASSED [ 70%]
tests/test_auto_fill_minimum_operator_review_input_20260623.py::test_auto_fill_blocks_missing_latest_evidence PASSED [ 70%]
tests/test_apply_minimum_operator_review_input_20260623.py::test_build_apply_summary_blocks_blank_rows PASSED [ 71%]
tests/test_apply_minimum_operator_review_input_20260623.py::test_build_apply_summary_allows_complete_rows PASSED [ 71%]
tests/test_apply_minimum_operator_review_input_20260623.py::test_build_apply_summary_allows_no_remaining_rows PASSED [ 71%]
tests/test_apply_minimum_operator_review_input_20260623.py::test_default_paths_follow_script_location PASSED [ 71%]
tests/test_apply_minimum_operator_review_input_20260623.py::test_run_validation_reports_missing_tool PASSED [ 72%]
tests/test_generate_remaining_operator_decision_brief_20260623.py::test_build_payload_classifies_boundaries_without_auto_approval PASSED [ 72%]
tests/test_generate_remaining_operator_decision_brief_20260623.py::test_write_outputs_creates_brief_files PASSED [ 72%]
tests/test_sync_remaining_operator_input_packet_20260623.py::test_sync_complete_stamp_updates_packet_and_unified_csvs PASSED [ 72%]
tests/test_sync_remaining_operator_input_packet_20260623.py::test_sync_skips_incomplete_stamp PASSED [ 73%]
tests/test_sync_remaining_operator_input_packet_20260623.py::test_sync_does_not_overwrite_conflicting_value PASSED [ 73%]
tests/test_simulate_remaining_operator_input_completion_20260623.py::test_simulation_completes_isolated_copies_without_touching_sources PASSED [ 73%]
tests/test_simulate_remaining_operator_input_completion_20260623.py::test_simulation_writes_summary_outputs PASSED [ 73%]
tests/test_simulate_remaining_operator_scope_exclusion_20260623.py::test_completion_simulation_filters_scope_excluded_packet_rows PASSED [ 74%]
tests/test_simulate_remaining_operator_full_gate_completion_20260623.py::test_replace_bundle_pack_root_text_rewrites_only_pack_root PASSED [ 74%]
tests/test_simulate_remaining_operator_full_gate_completion_20260623.py::test_replace_bundle_pack_root_text_rewrites_json_escaped_pack_root PASSED [ 74%]
tests/test_simulate_remaining_operator_full_gate_completion_20260623.py::test_write_outputs_creates_json_markdown_and_numbered PASSED [ 74%]
tests/test_generate_remaining_operator_evidence_digest_20260623.py::test_build_digest_rows_uses_latest_file_and_boundary PASSED [ 75%]
tests/test_generate_remaining_operator_evidence_digest_20260623.py::test_build_payload_excludes_approved_rows PASSED [ 75%]
tests/test_generate_remaining_operator_evidence_digest_20260623.py::test_build_payload_excludes_scope_excluded_rows PASSED [ 75%]
tests/test_generate_remaining_operator_evidence_digest_20260623.py::test_write_outputs_creates_numbered_reports PASSED [ 75%]
tests/test_run_safe_goal_checks_remaining_operator_digest_order_20260623.py::test_digest_refresh_runs_before_remaining_operator_packet PASSED [ 75%]
tests/test_generate_prod_migration_readiness_20260620.py::test_build_payload_separates_migration_ready_from_final_execution PASSED [ 76%]
tests/test_generate_prod_migration_readiness_20260620.py::test_build_payload_global_backup_failure_blocks_all_rows PASSED [ 76%]
tests/test_generate_prod_migration_readiness_20260620.py::test_build_payload_accepts_outlook_bundle_safe_evidence_for_12_13 PASSED [ 76%]
tests/test_generate_prod_migration_readiness_20260620.py::test_build_payload_keeps_12_13_blocked_without_outlook_safe_evidence PASSED [ 76%]
tests/test_generate_prod_migration_readiness_20260620.py::test_build_markdown_lists_readiness_matrix PASSED [ 77%]
tests/test_generate_prod_migration_readiness_20260620.py::test_build_ready_candidate_rows_marks_safe_scope PASSED [ 77%]
tests/test_generate_prod_migration_readiness_20260620.py::test_build_blocker_rows_keeps_next_required_action PASSED [ 77%]
tests/test_generate_prod_migration_readiness_20260620.py::test_build_disposition_rows_separates_safe_candidate_from_hold PASSED [ 77%]
tests/test_generate_prod_migration_readiness_20260620.py::test_write_csv_uses_expected_fieldnames PASSED [ 78%]
tests/test_generate_goal_evidence_ledger_20260620.py::test_classify_scope_keeps_hold_incomplete PASSED [ 78%]
tests/test_generate_goal_evidence_ledger_20260620.py::test_build_rows_maps_grouped_rks_status PASSED [ 78%]
tests/test_generate_goal_evidence_ledger_20260620.py::test_classify_scope_uses_confirmed_safe_stop_before_generic_rks_status PASSED [ 78%]
tests/test_generate_goal_evidence_ledger_20260620.py::test_classify_scope_reports_deferred_runtime_gate_as_entry_decision_pending PASSED [ 79%]
tests/test_generate_goal_evidence_ledger_20260620.py::test_classify_objective_checkpoints_lists_missing_proofs PASSED [ 79%]
tests/test_generate_goal_evidence_ledger_20260620.py::test_classify_objective_checkpoints_treats_outlook_bundle_ready_as_sample_safe_ok PASSED [ 79%]
tests/test_generate_goal_evidence_ledger_20260620.py::test_classify_objective_checkpoints_treats_count_only_cost_as_partial PASSED [ 79%]
tests/test_generate_goal_evidence_ledger_20260620.py::test_classify_objective_checkpoints_treats_s47_flag_count_only_cost_as_partial PASSED [ 80%]
tests/test_generate_goal_evidence_ledger_20260620.py::test_classify_objective_checkpoints_treats_non_amount_count_proofs_as_partial PASSED [ 80%]
tests/test_generate_goal_evidence_ledger_20260620.py::test_classify_objective_checkpoints_treats_s43_temp_save_amount_as_draft_ok PASSED [ 80%]
tests/test_generate_goal_evidence_ledger_20260620.py::test_classify_objective_checkpoints_treats_s51_52_draft_save_amount_as_draft_ok PASSED [ 80%]
tests/test_generate_goal_evidence_ledger_20260620.py::test_build_rows_overlays_outlook_bundle_safe_evidence_without_final_approval PASSED [ 81%]
tests/test_generate_goal_evidence_ledger_20260620.py::test_load_final_evidence_statuses_maps_bundle_scenarios PASSED [ 81%]
tests/test_generate_goal_evidence_ledger_20260620.py::test_classify_objective_checkpoints_treats_s63_cost_status_as_sample_ok PASSED [ 81%]
tests/test_generate_goal_evidence_ledger_20260620.py::test_classify_objective_checkpoints_treats_s51_52_excel_only_amount_as_sample_ok PASSED [ 81%]
tests/test_generate_goal_evidence_ledger_20260620.py::test_classify_objective_checkpoints_treats_s51_52_manual_submission_amount_as_sample_ok PASSED [ 82%]
tests/test_generate_goal_evidence_ledger_20260620.py::test_classify_objective_checkpoints_treats_s58_test_suite_amount_as_sample_ok PASSED [ 82%]
tests/test_generate_goal_evidence_ledger_20260620.py::test_build_payload_counts_missing_sources PASSED [ 82%]
tests/test_generate_goal_evidence_ledger_20260620.py::test_build_markdown_includes_requirement_interpretation PASSED [ 82%]
tests/test_generate_objective_completion_audit_20260623.py::test_build_payload_marks_current_partial_and_blocked_requirements PASSED [ 83%]
tests/test_generate_objective_completion_audit_20260623.py::test_build_payload_excludes_user_skipped_scenario_from_active_counts PASSED [ 83%]
tests/test_generate_objective_completion_audit_20260623.py::test_build_payload_does_not_count_invalid_business_cost_evidence PASSED [ 83%]
tests/test_generate_objective_completion_audit_20260623.py::test_build_payload_prefers_final_front_door_sync_manifest PASSED [ 83%]
tests/test_generate_objective_completion_audit_20260623.py::test_write_outputs_creates_json_markdown_csv_and_numbered PASSED [ 83%]
tests/test_generate_goal_evidence_actual_trace_overlay_20260623.py::test_build_trace_by_scenario_groups_multiple_entries PASSED [ 84%]
tests/test_generate_goal_evidence_actual_trace_overlay_20260623.py::test_build_overlay_rows_preserves_incomplete_goal_boundary PASSED [ 84%]
tests/test_generate_goal_evidence_actual_trace_overlay_20260623.py::test_build_markdown_states_primary_sources_and_boundary PASSED [ 84%]
tests/test_generate_goal_status_snapshot_rks_runtime_overlay_20260623.py::test_overlay_scenario_updates_stale_rks_missing_status PASSED [ 84%]
tests/test_generate_goal_status_snapshot_rks_runtime_overlay_20260623.py::test_build_payload_reduces_hold_count_for_confirmed_runtime PASSED [ 85%]
tests/test_generate_goal_status_snapshot_rks_runtime_overlay_20260623.py::test_write_outputs_creates_numbered_reports PASSED [ 85%]
tests/test_generate_goal_requirement_traceability_actual_overlay_20260623.py::test_actual_trace_overlay_updates_python_and_error_requirements PASSED [ 85%]
tests/test_generate_goal_requirement_traceability_rks_gate_alignment_20260623.py::test_rks_requirement_separates_technical_gate_from_production_gate PASSED [ 85%]
tests/test_goal_requirement_traceability_multi_evidence_20260623.py::test_evidence_sources_exist_accepts_semicolon_separated_paths PASSED [ 86%]
tests/test_generate_goal_completion_audit_20260620.py::test_build_payload_classifies_current_issues PASSED [ 86%]
tests/test_generate_goal_completion_audit_20260620.py::test_build_markdown_includes_strict_boundaries PASSED [ 86%]
tests/test_generate_goal_completion_audit_20260620.py::test_write_outputs_creates_numbered_and_issue_csv PASSED [ 86%]
tests/test_generate_goal_requirement_traceability_20260620.py::test_build_rows_contains_full_goal_requirements PASSED [ 87%]
tests/test_generate_goal_requirement_traceability_20260620.py::test_rks_requirement_is_not_proven PASSED [ 87%]
tests/test_generate_goal_requirement_traceability_20260620.py::test_sample_and_cost_requirements_use_dedicated_maps PASSED [ 87%]
tests/test_generate_goal_requirement_traceability_20260620.py::test_outlook_com_bundle_ready_updates_sample_requirement_gap PASSED [ 87%]
tests/test_generate_goal_requirement_traceability_20260620.py::test_outlook_com_bundle_safe_evidence_ready_but_sync_blocked_keeps_bundle_active PASSED [ 88%]
tests/test_generate_goal_requirement_traceability_20260620.py::test_outlook_com_bundle_not_ready_keeps_sample_requirement_hold PASSED [ 88%]
tests/test_generate_goal_requirement_traceability_20260620.py::test_summarize_business_cost_amount_evidence_includes_verified_scenarios PASSED [ 88%]
tests/test_generate_goal_requirement_traceability_20260620.py::test_approval_reduction_requirement_uses_external_runbook PASSED [ 88%]
tests/test_generate_goal_requirement_traceability_20260620.py::test_evidence_collection_requirement_uses_intake_sync_report PASSED [ 89%]
tests/test_generate_goal_requirement_traceability_20260620.py::test_backup_requirement_uses_code_artifact_backups PASSED [ 89%]
tests/test_generate_goal_requirement_traceability_20260620.py::test_build_payload_counts_missing_sources PASSED [ 89%]
tests/test_generate_goal_requirement_traceability_20260620.py::test_build_markdown_includes_trace_table PASSED [ 89%]
tests/test_generate_goal_completion_gate_20260620.py::test_build_payload_marks_complete_when_all_gates_pass PASSED [ 90%]
tests/test_generate_goal_completion_gate_20260620.py::test_final_evidence_chain_completes_derived_summary_gates PASSED [ 90%]
tests/test_generate_goal_completion_gate_20260620.py::test_build_payload_blocks_when_packet_rows_are_unapproved PASSED [ 90%]
tests/test_generate_goal_completion_gate_20260620.py::test_build_payload_blocks_when_bundle_final_evidence_is_missing PASSED [ 90%]
tests/test_generate_goal_completion_gate_20260620.py::test_build_payload_blocks_missing_source PASSED [ 91%]
tests/test_generate_goal_completion_gate_20260620.py::test_build_payload_blocks_when_code_backup_is_incomplete PASSED [ 91%]
tests/test_generate_goal_completion_gate_20260620.py::test_evidence_ledger_gate_reports_objective_checkpoint_counts PASSED [ 91%]
tests/test_generate_goal_completion_gate_20260620.py::test_build_payload_blocks_when_rks_runtime_intake_is_incomplete PASSED [ 91%]
tests/test_generate_goal_completion_gate_20260620.py::test_rks_gate_passes_when_only_deferred_rows_remain PASSED [ 91%]
tests/test_generate_goal_completion_gate_20260620.py::test_build_markdown_includes_gate_matrix PASSED [ 92%]
tests/test_generate_goal_completion_gate_open_probe_20260622.py::test_build_payload_includes_open_probe_supplement_gate PASSED [ 92%]
tests/test_generate_goal_completion_gate_open_probe_20260622.py::test_final_evidence_chain_completes_derived_summary_gates PASSED [ 92%]
tests/test_generate_goal_completion_gate_open_probe_20260622.py::test_open_probe_supplement_blocks_when_buttonrun_was_clicked PASSED [ 92%]
tests/test_generate_goal_completion_gate_open_probe_20260622.py::test_status_snapshot_gate_uses_rks_runtime_overlay_count PASSED [ 93%]
tests/test_generate_goal_completion_gate_open_probe_20260622.py::test_rks_gate_passes_when_only_deferred_rows_remain PASSED [ 93%]
tests/test_generate_goal_completion_gate_open_probe_20260622.py::test_evidence_ledger_gate_reports_objective_checkpoint_counts PASSED [ 93%]
tests/test_generate_goal_completion_gate_open_probe_20260622.py::test_markdown_includes_open_probe_supplement_gate PASSED [ 93%]
tests/test_generate_customer_safe_entries_full_smoke_report_20260622.py::test_build_scenario_rows_groups_multiple_entries PASSED [ 94%]
tests/test_generate_customer_safe_entries_full_smoke_report_20260622.py::test_build_actual_execution_trace_resolves_bat_ps1_and_python_script PASSED [ 94%]
tests/test_generate_customer_safe_entries_full_smoke_report_20260622.py::test_build_payload_preserves_safe_boundary_and_license_policy PASSED [ 94%]
tests/test_generate_customer_safe_entries_full_smoke_report_20260622.py::test_build_markdown_states_primary_source_and_not_production_complete PASSED [ 94%]
tests/test_generate_customer_safe_entries_full_smoke_report_20260622.py::test_build_actual_execution_trace_markdown_is_trace_specific PASSED [ 95%]
tests/test_generate_goal_final_report_20260620.py::test_proved_requirement_is_complete PASSED [ 95%]
tests/test_generate_goal_final_report_20260620.py::test_build_payload_marks_incomplete_as_draft_not_final PASSED [ 95%]
tests/test_generate_goal_final_report_20260620.py::test_next_action_summary_adds_business_review_supporting_inputs PASSED [ 95%]
tests/test_generate_goal_final_report_20260620.py::test_build_supporting_input_paths_prefers_locked_copy_and_includes_s71_environment PASSED [ 96%]
tests/test_generate_goal_final_report_20260620.py::test_build_markdown_includes_strict_boundary_and_sources PASSED [ 96%]
tests/test_generate_goal_final_report_20260620.py::test_build_markdown_uses_final_gate_boundary_when_complete PASSED [ 96%]
tests/test_generate_goal_final_report_20260620.py::test_write_outputs_creates_field_csv_exports PASSED [ 96%]
tests/test_generate_prod_readiness_remaining_work_breakdown_20260622.py::test_build_payload_classifies_human_input_and_ready_bundles PASSED [ 97%]
tests/test_generate_prod_readiness_remaining_work_breakdown_20260622.py::test_build_payload_marks_open_probe_without_promoting_build_runtime PASSED [ 97%]
tests/test_generate_prod_readiness_remaining_work_breakdown_20260622.py::test_write_outputs_creates_csv_markdown_json_and_numbered_files PASSED [ 97%]
tests/test_generate_prod_readiness_remaining_work_breakdown_20260622.py::test_build_markdown_uses_complete_conclusion_when_goal_complete PASSED [ 97%]
tests/test_generate_final_input_autonomous_boundary_20260622.py::test_build_payload_classifies_filled_and_human_rows PASSED [ 98%]
tests/test_generate_final_input_autonomous_boundary_20260622.py::test_build_payload_marks_rk10_as_safe_technical_not_approved PASSED [ 98%]
tests/test_generate_final_input_autonomous_boundary_20260622.py::test_build_payload_moves_deferred_rk10_to_human_decision_boundary PASSED [ 98%]
tests/test_generate_final_input_autonomous_boundary_20260622.py::test_build_payload_excludes_active_scope_exclusion_rows PASSED [ 98%]
tests/test_generate_completion_blocker_split_20260622.py::test_category_for_gate_splits_aggregate_operator_and_rks PASSED [ 99%]
tests/test_generate_completion_blocker_split_20260622.py::test_build_boundary_rows_marks_human_approval PASSED [ 99%]
tests/test_generate_completion_blocker_split_20260622.py::test_build_rks_open_only_rows_requires_build_runtime PASSED [ 99%]
tests/test_generate_completion_blocker_split_20260622.py::test_build_rks_open_only_rows_skips_non_blocking_runtime_statuses PASSED [ 99%]
tests/test_generate_completion_blocker_split_20260622.py::test_build_operator_gap_summary_separates_evidence_paths_from_operator_fields PASSED [100%]

============================ 412 passed in 24.78s =============================
